0 info it worked if it ends with ok
1 verbose cli [ '/home/adam/.nvm/versions/node/v7.5.0/bin/node',
1 verbose cli   '/home/adam/.nvm/versions/node/v7.5.0/bin/npm',
1 verbose cli   'run',
1 verbose cli   'test' ]
2 info using npm@4.1.2
3 info using node@v7.5.0
4 verbose run-script [ 'pretest', 'test', 'posttest' ]
5 info lifecycle web@0.0.1~pretest: web@0.0.1
6 silly lifecycle web@0.0.1~pretest: no script for pretest, continuing
7 info lifecycle web@0.0.1~test: web@0.0.1
8 verbose lifecycle web@0.0.1~test: unsafe-perm in lifecycle true
9 verbose lifecycle web@0.0.1~test: PATH: /home/adam/.nvm/versions/node/v7.5.0/lib/node_modules/npm/bin/node-gyp-bin:/home/adam/programmera/projekt/web/node_modules/.bin:/home/adam/.nvm/versions/node/v7.5.0/bin:/home/adam/.stack/snapshots/x86_64-linux/lts-6.3/7.10.3/bin:/home/adam/.stack/programs/x86_64-linux/ghc-7.10.3/bin:/home/adam/Android/Sdk/tools:/home/adam/Android/Sdk/platform-tools:/usr/local/sbin:/usr/local/bin:/usr/sbin:/usr/bin:/sbin:/bin:/usr/games:/usr/local/games:/root/android-sdk-linux/tools:/root/android-sdk-linux/platform-tools:~/Android/Sdk/tools:~/Android/Sdk/platform-tools:/home/adam/.stack/snapshots/x86_64-linux/lts-6.3/7.10.3/bin:/home/adam/.stack/programs/x86_64-linux/ghc-7.10.3/bin:/home/adam/Android/Sdk/tools:/home/adam/Android/Sdk/platform-tools:/usr/local/sbin:/usr/local/bin:/usr/sbin:/usr/bin:/sbin:/bin:/usr/games:/usr/local/games:/root/android-sdk-linux/tools:/root/android-sdk-linux/platform-tools:~/Android/Sdk/tools:~/Android/Sdk/platform-tools:/home/adam/.stack/snapshots/x86_64-linux/lts-6.3/7.10.3/bin:/home/adam/.stack/programs/x86_64-linux/ghc-7.10.3/bin:/home/adam/Android/Sdk/tools:/home/adam/Android/Sdk/platform-tools:/usr/local/sbin:/usr/local/bin:/usr/sbin:/usr/bin:/sbin:/bin:/usr/games:/usr/local/games:/root/android-sdk-linux/tools:/root/android-sdk-linux/platform-tools:~/Android/Sdk/tools:~/Android/Sdk/platform-tools:/usr/local/sbin:/usr/local/bin:/usr/sbin:/usr/bin:/sbin:/bin:/usr/games:/usr/local/games:/snap/bin:/root/android-sdk-linux/tools:/root/android-sdk-linux/platform-tools:/root/android-sdk-linux/tools:/root/android-sdk-linux/platform-tools:/root/android-sdk-linux/tools:/root/android-sdk-linux/platform-tools
10 verbose lifecycle web@0.0.1~test: CWD: /home/adam/programmera/projekt/web
11 silly lifecycle web@0.0.1~test: Args: [ '-c', 'tape ./test/*.js && (cd frontend; elm-app test)' ]
12 silly lifecycle web@0.0.1~test: Returned: code: 1  signal: null
13 info lifecycle web@0.0.1~test: Failed to exec test script
14 verbose stack Error: web@0.0.1 test: `tape ./test/*.js && (cd frontend; elm-app test)`
14 verbose stack Exit status 1
14 verbose stack     at EventEmitter.<anonymous> (/home/adam/.nvm/versions/node/v7.5.0/lib/node_modules/npm/lib/utils/lifecycle.js:279:16)
14 verbose stack     at emitTwo (events.js:106:13)
14 verbose stack     at EventEmitter.emit (events.js:192:7)
14 verbose stack     at ChildProcess.<anonymous> (/home/adam/.nvm/versions/node/v7.5.0/lib/node_modules/npm/lib/utils/spawn.js:40:14)
14 verbose stack     at emitTwo (events.js:106:13)
14 verbose stack     at ChildProcess.emit (events.js:192:7)
14 verbose stack     at maybeClose (internal/child_process.js:890:16)
14 verbose stack     at Process.ChildProcess._handle.onexit (internal/child_process.js:226:5)
15 verbose pkgid web@0.0.1
16 verbose cwd /home/adam/programmera/projekt/web
17 error Linux 4.4.0-64-generic
18 error argv "/home/adam/.nvm/versions/node/v7.5.0/bin/node" "/home/adam/.nvm/versions/node/v7.5.0/bin/npm" "run" "test"
19 error node v7.5.0
20 error npm  v4.1.2
21 error code ELIFECYCLE
22 error web@0.0.1 test: `tape ./test/*.js && (cd frontend; elm-app test)`
22 error Exit status 1
23 error Failed at the web@0.0.1 test script 'tape ./test/*.js && (cd frontend; elm-app test)'.
23 error Make sure you have the latest version of node.js and npm installed.
23 error If you do, this is most likely a problem with the web package,
23 error not with npm itself.
23 error Tell the author that this fails on your system:
23 error     tape ./test/*.js && (cd frontend; elm-app test)
23 error You can get information on how to open an issue for this project with:
23 error     npm bugs web
23 error Or if that isn't available, you can get their info via:
23 error     npm owner ls web
23 error There is likely additional logging output above.
24 verbose exit [ 1, true ]
